  [1m[36m (192.2ms)[0m  [1mCREATE TABLE "schema_migrations" ("version" character varying NOT NULL) [0m
  [1m[35m (130.2ms)[0m  CREATE UNIQUE INDEX  "unique_schema_migrations" ON "schema_migrations"  ("version")
  [1m[36mActiveRecord::SchemaMigration Load (0.9ms)[0m  [1mSELECT "schema_migrations".* FROM "schema_migrations"[0m


Started GET "/" for 127.0.0.1 at 2015-09-09 00:58:00 +0500
Processing by Rails::WelcomeController#index as HTML
  Rendered /home/mirza/.rvm/gems/ruby-2.2.2/gems/railties-4.2.1/lib/rails/templates/rails/welcome/index.html.erb (2.6ms)
Completed 200 OK in 89ms (Views: 66.9ms | ActiveRecord: 0.0ms)
  [1m[36mActiveRecord::SchemaMigration Load (0.8ms)[0m  [1mSELECT "schema_migrations".* FROM "schema_migrations"[0m
Migrating to DeviseCreateUsers (20150908200509)
  [1m[35m (0.4ms)[0m  BEGIN
  [1m[36m (358.8ms)[0m  [1mCREATE TABLE "users" ("id" serial primary key, "email" character varying DEFAULT '' NOT NULL, "encrypted_password" character varying DEFAULT '' NOT NULL, "reset_password_token" character varying, "reset_password_sent_at" timestamp, "remember_created_at" timestamp, "sign_in_count" integer DEFAULT 0 NOT NULL, "current_sign_in_at" timestamp, "last_sign_in_at" timestamp, "current_sign_in_ip" inet, "last_sign_in_ip" inet, "created_at" timestamp NOT NULL, "updated_at" timestamp NOT NULL) [0m
  [1m[35m (104.9ms)[0m  CREATE UNIQUE INDEX  "index_users_on_email" ON "users"  ("email")
  [1m[36m (95.3ms)[0m  [1mCREATE UNIQUE INDEX  "index_users_on_reset_password_token" ON "users"  ("reset_password_token")[0m
  [1m[35mSQL (0.6ms)[0m  INSERT INTO "schema_migrations" ("version") VALUES ($1)  [["version", "20150908200509"]]
  [1m[36m (71.8ms)[0m  [1mCOMMIT[0m
  [1m[35mActiveRecord::SchemaMigration Load (0.8ms)[0m  SELECT "schema_migrations".* FROM "schema_migrations"
  [1m[36m (6.4ms)[0m  [1mSELECT t2.oid::regclass::text AS to_table, a1.attname AS column, a2.attname AS primary_key, c.conname AS name, c.confupdtype AS on_update, c.confdeltype AS on_delete
FROM pg_constraint c
JOIN pg_class t1 ON c.conrelid = t1.oid
JOIN pg_class t2 ON c.confrelid = t2.oid
JOIN pg_attribute a1 ON a1.attnum = c.conkey[1] AND a1.attrelid = t1.oid
JOIN pg_attribute a2 ON a2.attnum = c.confkey[1] AND a2.attrelid = t2.oid
JOIN pg_namespace t3 ON c.connamespace = t3.oid
WHERE c.contype = 'f'
  AND t1.relname = 'users'
  AND t3.nspname = ANY (current_schemas(false))
ORDER BY c.conname
[0m


Started GET "/" for 127.0.0.1 at 2015-09-09 01:07:52 +0500
  [1m[36mActiveRecord::SchemaMigration Load (0.7ms)[0m  [1mSELECT "schema_migrations".* FROM "schema_migrations"[0m
Processing by Rails::WelcomeController#index as HTML
  Rendered /home/mirza/.rvm/gems/ruby-2.2.2/gems/railties-4.2.1/lib/rails/templates/rails/welcome/index.html.erb (2.2ms)
Completed 200 OK in 55ms (Views: 24.2ms | ActiveRecord: 0.0ms)


Started GET "/users/sign_in" for 127.0.0.1 at 2015-09-09 01:08:02 +0500
Processing by Devise::SessionsController#new as HTML
  Rendered /home/mirza/.rvm/gems/ruby-2.2.2/gems/devise-3.5.2/app/views/devise/shared/_links.html.erb (3.4ms)
  Rendered /home/mirza/.rvm/gems/ruby-2.2.2/gems/devise-3.5.2/app/views/devise/sessions/new.html.erb within layouts/application (197.1ms)
Completed 200 OK in 2653ms (Views: 2608.2ms | ActiveRecord: 5.5ms)


Started GET "/assets/application.self-e80e8f2318043e8af94dddc2adad5a4f09739a8ebb323b3ab31cd71d45fd9113.css?body=1" for 127.0.0.1 at 2015-09-09 01:08:05 +0500


Started GET "/assets/jquery_ujs.self-d456baa54c1fa6be2ec3711f0a72ddf7a5b2f34a6b4f515f33767d6207b7d4b3.js?body=1" for 127.0.0.1 at 2015-09-09 01:08:05 +0500


Started GET "/assets/turbolinks.self-c37727e9bd6b2735da5c311aa83fead54ed0be6cc8bd9a65309e9c5abe2cbfff.js?body=1" for 127.0.0.1 at 2015-09-09 01:08:05 +0500


Started GET "/assets/jquery.self-a714331225dda820228db323939889f149aec0127aeb06255646b616ba1ca419.js?body=1" for 127.0.0.1 at 2015-09-09 01:08:05 +0500


Started GET "/assets/application.self-3b8dabdc891efe46b9a144b400ad69e37d7e5876bdc39dee783419a69d7ca819.js?body=1" for 127.0.0.1 at 2015-09-09 01:08:05 +0500


Started GET "/users/sign_up" for 127.0.0.1 at 2015-09-09 01:08:09 +0500
Processing by Devise::RegistrationsController#new as HTML
  Rendered /home/mirza/.rvm/gems/ruby-2.2.2/gems/devise-3.5.2/app/views/devise/shared/_links.html.erb (1.0ms)
  Rendered /home/mirza/.rvm/gems/ruby-2.2.2/gems/devise-3.5.2/app/views/devise/registrations/new.html.erb within layouts/application (18.6ms)
Completed 200 OK in 127ms (Views: 125.0ms | ActiveRecord: 0.0ms)


Started POST "/users" for 127.0.0.1 at 2015-09-09 01:08:26 +0500
Processing by Devise::RegistrationsController#create as HTML
  Parameters: {"utf8"=>"✓", "authenticity_token"=>"ksWcMinfa85Q+kuRf5WZJ/gXGyhy+bcMVbqkYtTfG6XwmCp1HPIr0v2x8FYQc4q72x7CmkJzB+smIzAf1WEZbw==", "user"=>{"email"=>"zxc@gmail.com", "password"=>"[FILTERED]", "password_confirmation"=>"[FILTERED]"}, "commit"=>"Sign up"}
  [1m[35m (0.4ms)[0m  BEGIN
  [1m[36mUser Exists (95.0ms)[0m  [1mSELECT  1 AS one FROM "users" WHERE "users"."email" = 'zxc@gmail.com' LIMIT 1[0m
  [1m[35mSQL (1.2ms)[0m  INSERT INTO "users" ("email", "encrypted_password", "created_at", "updated_at") VALUES ($1, $2, $3, $4) RETURNING "id"  [["email", "zxc@gmail.com"], ["encrypted_password", "$2a$10$z5dYer/CZ185mG/IDycUxOhWJOC9F3HpTCI5sxszOJ4HekQpSgaUK"], ["created_at", "2015-09-08 20:08:27.825851"], ["updated_at", "2015-09-08 20:08:27.825851"]]
  [1m[36m (17.1ms)[0m  [1mCOMMIT[0m
  [1m[35m (0.4ms)[0m  BEGIN
  [1m[36mSQL (0.9ms)[0m  [1mUPDATE "users" SET "last_sign_in_at" = $1, "current_sign_in_at" = $2, "last_sign_in_ip" = $3, "current_sign_in_ip" = $4, "sign_in_count" = $5, "updated_at" = $6 WHERE "users"."id" = $7[0m  [["last_sign_in_at", "2015-09-08 20:08:27.850753"], ["current_sign_in_at", "2015-09-08 20:08:27.850753"], ["last_sign_in_ip", "127.0.0.1/32"], ["current_sign_in_ip", "127.0.0.1/32"], ["sign_in_count", 1], ["updated_at", "2015-09-08 20:08:27.853026"], ["id", 1]]
  [1m[35m (14.6ms)[0m  COMMIT
Redirected to http://localhost:3000/
Completed 302 Found in 982ms (ActiveRecord: 130.1ms)


Started GET "/" for 127.0.0.1 at 2015-09-09 01:08:27 +0500
Processing by Rails::WelcomeController#index as HTML
  Rendered /home/mirza/.rvm/gems/ruby-2.2.2/gems/railties-4.2.1/lib/rails/templates/rails/welcome/index.html.erb (0.1ms)
Completed 200 OK in 17ms (Views: 15.0ms | ActiveRecord: 0.0ms)


Started GET "/users/sign_in" for 127.0.0.1 at 2015-09-09 01:08:36 +0500
Processing by Devise::SessionsController#new as HTML
  [1m[36mUser Load (1.7ms)[0m  [1mSELECT  "users".* FROM "users" WHERE "users"."id" = $1  ORDER BY "users"."id" ASC LIMIT 1[0m  [["id", 1]]
Redirected to http://localhost:3000/
Filter chain halted as :require_no_authentication rendered or redirected
Completed 302 Found in 14ms (ActiveRecord: 1.7ms)


Started GET "/" for 127.0.0.1 at 2015-09-09 01:08:36 +0500
Processing by Rails::WelcomeController#index as HTML
  Rendered /home/mirza/.rvm/gems/ruby-2.2.2/gems/railties-4.2.1/lib/rails/templates/rails/welcome/index.html.erb (0.2ms)
Completed 200 OK in 3ms (Views: 2.6ms | ActiveRecord: 0.0ms)


Started GET "/" for 127.0.0.1 at 2015-09-09 01:09:29 +0500
  [1m[35mActiveRecord::SchemaMigration Load (0.6ms)[0m  SELECT "schema_migrations".* FROM "schema_migrations"
Processing by Rails::WelcomeController#index as HTML
  Rendered /home/mirza/.rvm/gems/ruby-2.2.2/gems/railties-4.2.1/lib/rails/templates/rails/welcome/index.html.erb (0.1ms)
Completed 200 OK in 23ms (Views: 21.9ms | ActiveRecord: 0.0ms)


Started GET "/" for 127.0.0.1 at 2015-09-09 01:18:25 +0500
Processing by Rails::WelcomeController#index as HTML
  Rendered /home/mirza/.rvm/gems/ruby-2.2.2/gems/railties-4.2.1/lib/rails/templates/rails/welcome/index.html.erb (0.2ms)
Completed 200 OK in 280ms (Views: 194.7ms | ActiveRecord: 0.0ms)
